Reading netlist file: "D:\FPGA\03-outsourced proj\05-panoramic_camera\cam2dvi_no_buffer_3camerasw\impl\gwsynthesis\cam2dvi.vg"
Parsing netlist file "D:\FPGA\03-outsourced proj\05-panoramic_camera\cam2dvi_no_buffer_3camerasw\impl\gwsynthesis\cam2dvi.vg" completed
Processing netlist completed
Reading constraint file: "D:\FPGA\03-outsourced proj\05-panoramic_camera\cam2dvi_no_buffer_3camerasw\src\138K_PRO_DOCK.cst"
Physical Constraint parsed completed
Running placement......
[10%] Placement Phase 0 completed
[20%] Placement Phase 1 completed
[30%] Placement Phase 2 completed
WARN  (TA1132) :  'cmos1_pclk' was determined to be a clock but was not created.
WARN  (TA1132) :  'cmos2_pclk' was determined to be a clock but was not created.
WARN  (TA1132) :  'mux_top_inst/sensor_top_inst/ov5640_ctl_0/cmos_16bit_clk' was determined to be a clock but was not created.
WARN  (TA1132) :  'mux_top_inst/sensor_top_inst/ov5640_ctl_1/cmos_16bit_clk' was determined to be a clock but was not created.
WARN  (TA1132) :  'mux_top_inst/sensor_top_inst/ov5640_ctl_2/cmos_16bit_clk' was determined to be a clock but was not created.
[50%] Placement Phase 3 completed
Running routing......
[60%] Routing Phase 0 completed
[70%] Routing Phase 1 completed
[80%] Routing Phase 2 completed
WARN  (PR1014) : Generic routing resource will be used to clock signal 'clk_d' by the specified constraint. And then it may lead to the excessive delay or skew
WARN  (PR1014) : Generic routing resource will be used to clock signal 'cmos0_vsync_d' by the specified constraint. And then it may lead to the excessive delay or skew
WARN  (PR1014) : Generic routing resource will be used to clock signal 'cmos0_pclk_d' by the specified constraint. And then it may lead to the excessive delay or skew
WARN  (PR1014) : Generic routing resource will be used to clock signal 'cmos1_pclk_d' by the specified constraint. And then it may lead to the excessive delay or skew
WARN  (PR1014) : Generic routing resource will be used to clock signal 'cmos2_pclk_d' by the specified constraint. And then it may lead to the excessive delay or skew
[90%] Routing Phase 3 completed
Running timing analysis......
[95%] Timing analysis completed
Placement and routing completed
Bitstream generation in progress......
Bitstream generation completed
Running power analysis......
[100%] Power analysis completed
Generate file "D:\FPGA\03-outsourced proj\05-panoramic_camera\cam2dvi_no_buffer_3camerasw\impl\pnr\cam2dvi.power.html" completed
Generate file "D:\FPGA\03-outsourced proj\05-panoramic_camera\cam2dvi_no_buffer_3camerasw\impl\pnr\cam2dvi.pin.html" completed
Generate file "D:\FPGA\03-outsourced proj\05-panoramic_camera\cam2dvi_no_buffer_3camerasw\impl\pnr\cam2dvi.rpt.html" completed
Generate file "D:\FPGA\03-outsourced proj\05-panoramic_camera\cam2dvi_no_buffer_3camerasw\impl\pnr\cam2dvi.rpt.txt" completed
Generate file "D:\FPGA\03-outsourced proj\05-panoramic_camera\cam2dvi_no_buffer_3camerasw\impl\pnr\cam2dvi.tr.html" completed
Sun Nov  2 11:16:17 2025

