GowinSynthesis start
Running parser ...
Analyzing Verilog file 'C:\Gowin\Gowin_V1.9.9_x64\IDE\ipcore\MJPEG_ENCODER\data\mjpeg_encoder_top.v'
Analyzing included file 'C:\Gowin\Gowin_V1.9.9_x64\IDE\ipcore\MJPEG_ENCODER\data\static_macro_define.v'("C:\Gowin\Gowin_V1.9.9_x64\IDE\ipcore\MJPEG_ENCODER\data\mjpeg_encoder_top.v":1472)
Back to file 'C:\Gowin\Gowin_V1.9.9_x64\IDE\ipcore\MJPEG_ENCODER\data\mjpeg_encoder_top.v'("C:\Gowin\Gowin_V1.9.9_x64\IDE\ipcore\MJPEG_ENCODER\data\mjpeg_encoder_top.v":1472)
Analyzing included file 'define.v'("C:\Gowin\Gowin_V1.9.9_x64\IDE\ipcore\MJPEG_ENCODER\data\mjpeg_encoder_top.v":1472)
Back to file 'C:\Gowin\Gowin_V1.9.9_x64\IDE\ipcore\MJPEG_ENCODER\data\mjpeg_encoder_top.v'("C:\Gowin\Gowin_V1.9.9_x64\IDE\ipcore\MJPEG_ENCODER\data\mjpeg_encoder_top.v":1472)
Analyzing included file 'define.v'("C:\Gowin\Gowin_V1.9.9_x64\IDE\ipcore\MJPEG_ENCODER\data\mjpeg_encoder_top.v":1472)
Back to file 'C:\Gowin\Gowin_V1.9.9_x64\IDE\ipcore\MJPEG_ENCODER\data\mjpeg_encoder_top.v'("C:\Gowin\Gowin_V1.9.9_x64\IDE\ipcore\MJPEG_ENCODER\data\mjpeg_encoder_top.v":1472)
Analyzing included file 'define.v'("C:\Gowin\Gowin_V1.9.9_x64\IDE\ipcore\MJPEG_ENCODER\data\mjpeg_encoder_top.v":1472)
Back to file 'C:\Gowin\Gowin_V1.9.9_x64\IDE\ipcore\MJPEG_ENCODER\data\mjpeg_encoder_top.v'("C:\Gowin\Gowin_V1.9.9_x64\IDE\ipcore\MJPEG_ENCODER\data\mjpeg_encoder_top.v":1472)
Analyzing Verilog file 'C:\Gowin\Gowin_V1.9.9_x64\IDE\ipcore\MJPEG_ENCODER\data\mjpeg_encoder_top_wrap.v'
Analyzing included file 'define.v'("C:\Gowin\Gowin_V1.9.9_x64\IDE\ipcore\MJPEG_ENCODER\data\mjpeg_encoder_top_wrap.v":1)
Back to file 'C:\Gowin\Gowin_V1.9.9_x64\IDE\ipcore\MJPEG_ENCODER\data\mjpeg_encoder_top_wrap.v'("C:\Gowin\Gowin_V1.9.9_x64\IDE\ipcore\MJPEG_ENCODER\data\mjpeg_encoder_top_wrap.v":1)
Analyzing included file 'C:\Gowin\Gowin_V1.9.9_x64\IDE\ipcore\MJPEG_ENCODER\data\static_macro_define.v'("C:\Gowin\Gowin_V1.9.9_x64\IDE\ipcore\MJPEG_ENCODER\data\mjpeg_encoder_top_wrap.v":2)
Back to file 'C:\Gowin\Gowin_V1.9.9_x64\IDE\ipcore\MJPEG_ENCODER\data\mjpeg_encoder_top_wrap.v'("C:\Gowin\Gowin_V1.9.9_x64\IDE\ipcore\MJPEG_ENCODER\data\mjpeg_encoder_top_wrap.v":2)
Compiling module 'MJPEG_Encoder_Top'("C:\Gowin\Gowin_V1.9.9_x64\IDE\ipcore\MJPEG_ENCODER\data\mjpeg_encoder_top_wrap.v":3)
WARN  (EX3073) : Port '**' remains unconnected for this instance("C:\Gowin\Gowin_V1.9.9_x64\IDE\ipcore\MJPEG_ENCODER\data\mjpeg_encoder_top.v":0)
Compiling module '**'("C:\Gowin\Gowin_V1.9.9_x64\IDE\ipcore\MJPEG_ENCODER\data\mjpeg_encoder_top.v":0)
Compiling module '**'("C:\Gowin\Gowin_V1.9.9_x64\IDE\ipcore\MJPEG_ENCODER\data\mjpeg_encoder_top.v":0)
WARN  (EX3791) : Expression size ** truncated to fit in target size **("C:\Gowin\Gowin_V1.9.9_x64\IDE\ipcore\MJPEG_ENCODER\data\mjpeg_encoder_top.v":0)
Compiling module '**'("C:\Gowin\Gowin_V1.9.9_x64\IDE\ipcore\MJPEG_ENCODER\data\mjpeg_encoder_top.v":0)
WARN  (EX3791) : Expression size ** truncated to fit in target size **("C:\Gowin\Gowin_V1.9.9_x64\IDE\ipcore\MJPEG_ENCODER\data\mjpeg_encoder_top.v":0)
Compiling module '**'("C:\Gowin\Gowin_V1.9.9_x64\IDE\ipcore\MJPEG_ENCODER\data\mjpeg_encoder_top.v":0)
Extracting RAM for identifier '**'("C:\Gowin\Gowin_V1.9.9_x64\IDE\ipcore\MJPEG_ENCODER\data\mjpeg_encoder_top.v":0)
Extracting RAM for identifier '**'("C:\Gowin\Gowin_V1.9.9_x64\IDE\ipcore\MJPEG_ENCODER\data\mjpeg_encoder_top.v":0)
WARN  (EX3791) : Expression size ** truncated to fit in target size **("C:\Gowin\Gowin_V1.9.9_x64\IDE\ipcore\MJPEG_ENCODER\data\mjpeg_encoder_top.v":0)
Compiling module '**'("C:\Gowin\Gowin_V1.9.9_x64\IDE\ipcore\MJPEG_ENCODER\data\mjpeg_encoder_top.v":0)
Extracting RAM for identifier '**'("C:\Gowin\Gowin_V1.9.9_x64\IDE\ipcore\MJPEG_ENCODER\data\mjpeg_encoder_top.v":0)
WARN  (EX3791) : Expression size ** truncated to fit in target size **("C:\Gowin\Gowin_V1.9.9_x64\IDE\ipcore\MJPEG_ENCODER\data\mjpeg_encoder_top.v":0)
Compiling module '**'("C:\Gowin\Gowin_V1.9.9_x64\IDE\ipcore\MJPEG_ENCODER\data\mjpeg_encoder_top.v":0)
WARN  (EX3791) : Expression size ** truncated to fit in target size **("C:\Gowin\Gowin_V1.9.9_x64\IDE\ipcore\MJPEG_ENCODER\data\mjpeg_encoder_top.v":0)
Compiling module '**'("C:\Gowin\Gowin_V1.9.9_x64\IDE\ipcore\MJPEG_ENCODER\data\mjpeg_encoder_top.v":0)
WARN  (EX3791) : Expression size ** truncated to fit in target size **("C:\Gowin\Gowin_V1.9.9_x64\IDE\ipcore\MJPEG_ENCODER\data\mjpeg_encoder_top.v":0)
Compiling module '**'("C:\Gowin\Gowin_V1.9.9_x64\IDE\ipcore\MJPEG_ENCODER\data\mjpeg_encoder_top.v":0)
Extracting RAM for identifier '**'("C:\Gowin\Gowin_V1.9.9_x64\IDE\ipcore\MJPEG_ENCODER\data\mjpeg_encoder_top.v":0)
WARN  (EX3791) : Expression size ** truncated to fit in target size **("C:\Gowin\Gowin_V1.9.9_x64\IDE\ipcore\MJPEG_ENCODER\data\mjpeg_encoder_top.v":0)
Compiling module '**'("C:\Gowin\Gowin_V1.9.9_x64\IDE\ipcore\MJPEG_ENCODER\data\mjpeg_encoder_top.v":0)
Extracting RAM for identifier '**'("C:\Gowin\Gowin_V1.9.9_x64\IDE\ipcore\MJPEG_ENCODER\data\mjpeg_encoder_top.v":0)
Extracting RAM for identifier '**'("C:\Gowin\Gowin_V1.9.9_x64\IDE\ipcore\MJPEG_ENCODER\data\mjpeg_encoder_top.v":0)
Extracting RAM for identifier '**'("C:\Gowin\Gowin_V1.9.9_x64\IDE\ipcore\MJPEG_ENCODER\data\mjpeg_encoder_top.v":0)
WARN  (EX3791) : Expression size ** truncated to fit in target size **("C:\Gowin\Gowin_V1.9.9_x64\IDE\ipcore\MJPEG_ENCODER\data\mjpeg_encoder_top.v":0)
Compiling module '**'("C:\Gowin\Gowin_V1.9.9_x64\IDE\ipcore\MJPEG_ENCODER\data\mjpeg_encoder_top.v":0)
Compiling module '**'("C:\Gowin\Gowin_V1.9.9_x64\IDE\ipcore\MJPEG_ENCODER\data\mjpeg_encoder_top.v":0)
Compiling module '**'("C:\Gowin\Gowin_V1.9.9_x64\IDE\ipcore\MJPEG_ENCODER\data\mjpeg_encoder_top.v":0)
Extracting RAM for identifier '**'("C:\Gowin\Gowin_V1.9.9_x64\IDE\ipcore\MJPEG_ENCODER\data\mjpeg_encoder_top.v":0)
Extracting RAM for identifier '**'("C:\Gowin\Gowin_V1.9.9_x64\IDE\ipcore\MJPEG_ENCODER\data\mjpeg_encoder_top.v":0)
Extracting RAM for identifier '**'("C:\Gowin\Gowin_V1.9.9_x64\IDE\ipcore\MJPEG_ENCODER\data\mjpeg_encoder_top.v":0)
Extracting RAM for identifier '**'("C:\Gowin\Gowin_V1.9.9_x64\IDE\ipcore\MJPEG_ENCODER\data\mjpeg_encoder_top.v":0)
Extracting RAM for identifier '**'("C:\Gowin\Gowin_V1.9.9_x64\IDE\ipcore\MJPEG_ENCODER\data\mjpeg_encoder_top.v":0)
Extracting RAM for identifier '**'("C:\Gowin\Gowin_V1.9.9_x64\IDE\ipcore\MJPEG_ENCODER\data\mjpeg_encoder_top.v":0)
Extracting RAM for identifier '**'("C:\Gowin\Gowin_V1.9.9_x64\IDE\ipcore\MJPEG_ENCODER\data\mjpeg_encoder_top.v":0)
Extracting RAM for identifier '**'("C:\Gowin\Gowin_V1.9.9_x64\IDE\ipcore\MJPEG_ENCODER\data\mjpeg_encoder_top.v":0)
Extracting RAM for identifier '**'("C:\Gowin\Gowin_V1.9.9_x64\IDE\ipcore\MJPEG_ENCODER\data\mjpeg_encoder_top.v":0)
WARN  (EX2526) : Entry size ** at **:** does not match memory width **("C:\Gowin\Gowin_V1.9.9_x64\IDE\ipcore\MJPEG_ENCODER\data\mjpeg_encoder_top.v":0)
WARN  (EX3791) : Expression size ** truncated to fit in target size **("C:\Gowin\Gowin_V1.9.9_x64\IDE\ipcore\MJPEG_ENCODER\data\mjpeg_encoder_top.v":0)
Compiling module '**'("C:\Gowin\Gowin_V1.9.9_x64\IDE\ipcore\MJPEG_ENCODER\data\mjpeg_encoder_top.v":0)
WARN  (EX3791) : Expression size ** truncated to fit in target size **("C:\Gowin\Gowin_V1.9.9_x64\IDE\ipcore\MJPEG_ENCODER\data\mjpeg_encoder_top.v":0)
Compiling module '**'("C:\Gowin\Gowin_V1.9.9_x64\IDE\ipcore\MJPEG_ENCODER\data\mjpeg_encoder_top.v":0)
Compiling module '**'("C:\Gowin\Gowin_V1.9.9_x64\IDE\ipcore\MJPEG_ENCODER\data\mjpeg_encoder_top.v":0)
WARN  (EX3791) : Expression size ** truncated to fit in target size **("C:\Gowin\Gowin_V1.9.9_x64\IDE\ipcore\MJPEG_ENCODER\data\mjpeg_encoder_top.v":0)
Compiling module '**'("C:\Gowin\Gowin_V1.9.9_x64\IDE\ipcore\MJPEG_ENCODER\data\mjpeg_encoder_top.v":0)
Compiling module '**'("C:\Gowin\Gowin_V1.9.9_x64\IDE\ipcore\MJPEG_ENCODER\data\mjpeg_encoder_top.v":0)
Compiling module '**'("C:\Gowin\Gowin_V1.9.9_x64\IDE\ipcore\MJPEG_ENCODER\data\mjpeg_encoder_top.v":0)
Compiling module '**'("C:\Gowin\Gowin_V1.9.9_x64\IDE\ipcore\MJPEG_ENCODER\data\mjpeg_encoder_top.v":0)
WARN  (EX3791) : Expression size ** truncated to fit in target size **("C:\Gowin\Gowin_V1.9.9_x64\IDE\ipcore\MJPEG_ENCODER\data\mjpeg_encoder_top.v":0)
NOTE  (EX0101) : Current top module is "MJPEG_Encoder_Top"
[5%] Running netlist conversion ...
Running device independent optimization ...
[10%] Optimizing Phase 0 completed
[15%] Optimizing Phase 1 completed
[25%] Optimizing Phase 2 completed
Running inference ...
[30%] Inferring Phase 0 completed
[40%] Inferring Phase 1 completed
[50%] Inferring Phase 2 completed
[55%] Inferring Phase 3 completed
Running technical mapping ...
[60%] Tech-Mapping Phase 0 completed
[65%] Tech-Mapping Phase 1 completed
[75%] Tech-Mapping Phase 2 completed
[80%] Tech-Mapping Phase 3 completed
[90%] Tech-Mapping Phase 4 completed
WARN  (NL0002) : The module "~delay.MJPEG_Encoder_Top" instantiated to "delay_DE63" is swept in optimizing("C:\Gowin\Gowin_V1.9.9_x64\IDE\ipcore\MJPEG_ENCODER\data\mjpeg_encoder_top.v":0)
WARN  (NL0002) : The module "~delay.MJPEG_Encoder_Top" instantiated to "delay_element_cnt" is swept in optimizing("C:\Gowin\Gowin_V1.9.9_x64\IDE\ipcore\MJPEG_ENCODER\data\mjpeg_encoder_top.v":0)
[95%] Generate netlist file "C:\Users\anotherfool\Desktop\USB-Video-Class-main\fpga\colorbar2usb\src\mjpeg_encoder\temp\MJPEG_Encoder\mjpeg_encoder.vg" completed
Generate template file "C:\Users\anotherfool\Desktop\USB-Video-Class-main\fpga\colorbar2usb\src\mjpeg_encoder\temp\MJPEG_Encoder\mjpeg_encoder_tmp.v" completed
[100%] Generate report file "C:\Users\anotherfool\Desktop\USB-Video-Class-main\fpga\colorbar2usb\src\mjpeg_encoder\temp\MJPEG_Encoder\mjpeg_encoder_syn.rpt.html" completed
GowinSynthesis finish
