GowinSynthesis start
Running parser ...
Analyzing Verilog file 'C:\Users\anotherfool\Desktop\USB-Video-Class-main\fpga\colorbar2usb\src\TOP.v'
Analyzing included file 'C:\Users\anotherfool\Desktop\USB-Video-Class-main\fpga\colorbar2usb\src\usb_video\usb_defs.v'("C:\Users\anotherfool\Desktop\USB-Video-Class-main\fpga\colorbar2usb\src\TOP.v":25)
Back to file 'C:\Users\anotherfool\Desktop\USB-Video-Class-main\fpga\colorbar2usb\src\TOP.v'("C:\Users\anotherfool\Desktop\USB-Video-Class-main\fpga\colorbar2usb\src\TOP.v":25)
Analyzing included file 'C:\Users\anotherfool\Desktop\USB-Video-Class-main\fpga\colorbar2usb\src\usb_video\uvc_defs.v'("C:\Users\anotherfool\Desktop\USB-Video-Class-main\fpga\colorbar2usb\src\TOP.v":26)
Back to file 'C:\Users\anotherfool\Desktop\USB-Video-Class-main\fpga\colorbar2usb\src\TOP.v'("C:\Users\anotherfool\Desktop\USB-Video-Class-main\fpga\colorbar2usb\src\TOP.v":26)
Undeclared symbol 'pll0_locked', assumed default net type 'wire'("C:\Users\anotherfool\Desktop\USB-Video-Class-main\fpga\colorbar2usb\src\TOP.v":125)
Undeclared symbol 'pll1_locked', assumed default net type 'wire'("C:\Users\anotherfool\Desktop\USB-Video-Class-main\fpga\colorbar2usb\src\TOP.v":131)
WARN  (EX3792) : Literal value 'd60000000 truncated to fit in 16 bits("C:\Users\anotherfool\Desktop\USB-Video-Class-main\fpga\colorbar2usb\src\TOP.v":148)
WARN  (EX2830) : Data object 'txdat_len' is already declared("C:\Users\anotherfool\Desktop\USB-Video-Class-main\fpga\colorbar2usb\src\TOP.v":186)
Previous declaration of 'txdat_len' is from here("C:\Users\anotherfool\Desktop\USB-Video-Class-main\fpga\colorbar2usb\src\TOP.v":70)
WARN  (EX3671) : Second declaration of 'txdat_len' is ignored("C:\Users\anotherfool\Desktop\USB-Video-Class-main\fpga\colorbar2usb\src\TOP.v":186)
Undeclared symbol 'cam_data', assumed default net type 'wire'("C:\Users\anotherfool\Desktop\USB-Video-Class-main\fpga\colorbar2usb\src\TOP.v":208)
Undeclared symbol 'cam_dval', assumed default net type 'wire'("C:\Users\anotherfool\Desktop\USB-Video-Class-main\fpga\colorbar2usb\src\TOP.v":209)
Undeclared symbol 'cam_sof', assumed default net type 'wire'("C:\Users\anotherfool\Desktop\USB-Video-Class-main\fpga\colorbar2usb\src\TOP.v":210)
Undeclared symbol 'fifo_empty', assumed default net type 'wire'("C:\Users\anotherfool\Desktop\USB-Video-Class-main\fpga\colorbar2usb\src\TOP.v":218)
Undeclared symbol 'usb_sof', assumed default net type 'wire'("C:\Users\anotherfool\Desktop\USB-Video-Class-main\fpga\colorbar2usb\src\TOP.v":219)
Undeclared symbol 'frame_dval', assumed default net type 'wire'("C:\Users\anotherfool\Desktop\USB-Video-Class-main\fpga\colorbar2usb\src\TOP.v":226)
Undeclared symbol 'Full', assumed default net type 'wire'("C:\Users\anotherfool\Desktop\USB-Video-Class-main\fpga\colorbar2usb\src\TOP.v":240)
Undeclared symbol 'txact_fall', assumed default net type 'wire'("C:\Users\anotherfool\Desktop\USB-Video-Class-main\fpga\colorbar2usb\src\TOP.v":248)
WARN  (EX2830) : Data object 'tx_dual_flag' is already declared("C:\Users\anotherfool\Desktop\USB-Video-Class-main\fpga\colorbar2usb\src\TOP.v":338)
Previous declaration of 'tx_dual_flag' is from here("C:\Users\anotherfool\Desktop\USB-Video-Class-main\fpga\colorbar2usb\src\TOP.v":321)
WARN  (EX3671) : Second declaration of 'tx_dual_flag' is ignored("C:\Users\anotherfool\Desktop\USB-Video-Class-main\fpga\colorbar2usb\src\TOP.v":338)
Undeclared symbol 'usb_busreset', assumed default net type 'wire'("C:\Users\anotherfool\Desktop\USB-Video-Class-main\fpga\colorbar2usb\src\TOP.v":523)
Undeclared symbol 'usb_suspend', assumed default net type 'wire'("C:\Users\anotherfool\Desktop\USB-Video-Class-main\fpga\colorbar2usb\src\TOP.v":525)
Undeclared symbol 'usb_online', assumed default net type 'wire'("C:\Users\anotherfool\Desktop\USB-Video-Class-main\fpga\colorbar2usb\src\TOP.v":526)
Undeclared symbol 'rxpktval', assumed default net type 'wire'("C:\Users\anotherfool\Desktop\USB-Video-Class-main\fpga\colorbar2usb\src\TOP.v":539)
Undeclared symbol 'PHY_RESET', assumed default net type 'wire'("C:\Users\anotherfool\Desktop\USB-Video-Class-main\fpga\colorbar2usb\src\TOP.v":578)
Undeclared symbol 'des_len', assumed default net type 'wire'("C:\Users\anotherfool\Desktop\USB-Video-Class-main\fpga\colorbar2usb\src\TOP.v":622)
Analyzing Verilog file 'C:\Users\anotherfool\Desktop\USB-Video-Class-main\fpga\colorbar2usb\src\fifo_sc_top\fifo_sc_top.v'
Analyzing Verilog file 'C:\Users\anotherfool\Desktop\USB-Video-Class-main\fpga\colorbar2usb\src\gowin_pll\gowin_pll.v'
Analyzing Verilog file 'C:\Users\anotherfool\Desktop\USB-Video-Class-main\fpga\colorbar2usb\src\gowin_pll_f\gowin_pll_f.v'
Analyzing Verilog file 'C:\Users\anotherfool\Desktop\USB-Video-Class-main\fpga\colorbar2usb\src\gowin_rpll\gowin_rpll.v'
Analyzing Verilog file 'C:\Users\anotherfool\Desktop\USB-Video-Class-main\fpga\colorbar2usb\src\mjpeg_encoder\mjpeg_encoder.v'
Analyzing Verilog file 'C:\Users\anotherfool\Desktop\USB-Video-Class-main\fpga\colorbar2usb\src\sync_fifo\sync_pkt_fifo.v'
WARN  (EX3628) : Redeclaration of ANSI port 'wrnum' is not allowed("C:\Users\anotherfool\Desktop\USB-Video-Class-main\fpga\colorbar2usb\src\sync_fifo\sync_pkt_fifo.v":47)
Analyzing Verilog file 'C:\Users\anotherfool\Desktop\USB-Video-Class-main\fpga\colorbar2usb\src\usb2_0_softphy\usb2_0_softphy.v'
Analyzing Verilog file 'C:\Users\anotherfool\Desktop\USB-Video-Class-main\fpga\colorbar2usb\src\usb_device_controller\usb_device_controller.v'
Analyzing Verilog file 'C:\Users\anotherfool\Desktop\USB-Video-Class-main\fpga\colorbar2usb\src\usb_video\frame.v'
Analyzing Verilog file 'C:\Users\anotherfool\Desktop\USB-Video-Class-main\fpga\colorbar2usb\src\usb_video\usb_descriptor_video.v'
Analyzing included file 'C:\Users\anotherfool\Desktop\USB-Video-Class-main\fpga\colorbar2usb\src\usb_video\usb_defs.v'("C:\Users\anotherfool\Desktop\USB-Video-Class-main\fpga\colorbar2usb\src\usb_video\usb_descriptor_video.v":25)
Back to file 'C:\Users\anotherfool\Desktop\USB-Video-Class-main\fpga\colorbar2usb\src\usb_video\usb_descriptor_video.v'("C:\Users\anotherfool\Desktop\USB-Video-Class-main\fpga\colorbar2usb\src\usb_video\usb_descriptor_video.v":25)
Analyzing included file 'C:\Users\anotherfool\Desktop\USB-Video-Class-main\fpga\colorbar2usb\src\usb_video\uvc_defs.v'("C:\Users\anotherfool\Desktop\USB-Video-Class-main\fpga\colorbar2usb\src\usb_video\usb_descriptor_video.v":26)
Back to file 'C:\Users\anotherfool\Desktop\USB-Video-Class-main\fpga\colorbar2usb\src\usb_video\usb_descriptor_video.v'("C:\Users\anotherfool\Desktop\USB-Video-Class-main\fpga\colorbar2usb\src\usb_video\usb_descriptor_video.v":26)
WARN  (EX3680) : Concatenation with an unsized literal will be treated as 32 bits("C:\Users\anotherfool\Desktop\USB-Video-Class-main\fpga\colorbar2usb\src\usb_video\usb_descriptor_video.v":325)
WARN  (EX3680) : Concatenation with an unsized literal will be treated as 32 bits("C:\Users\anotherfool\Desktop\USB-Video-Class-main\fpga\colorbar2usb\src\usb_video\usb_descriptor_video.v":326)
WARN  (EX3680) : Concatenation with an unsized literal will be treated as 32 bits("C:\Users\anotherfool\Desktop\USB-Video-Class-main\fpga\colorbar2usb\src\usb_video\usb_descriptor_video.v":327)
WARN  (EX3680) : Concatenation with an unsized literal will be treated as 32 bits("C:\Users\anotherfool\Desktop\USB-Video-Class-main\fpga\colorbar2usb\src\usb_video\usb_descriptor_video.v":328)
WARN  (EX3680) : Concatenation with an unsized literal will be treated as 32 bits("C:\Users\anotherfool\Desktop\USB-Video-Class-main\fpga\colorbar2usb\src\usb_video\usb_descriptor_video.v":367)
WARN  (EX3680) : Concatenation with an unsized literal will be treated as 32 bits("C:\Users\anotherfool\Desktop\USB-Video-Class-main\fpga\colorbar2usb\src\usb_video\usb_descriptor_video.v":368)
WARN  (EX3073) : Port 'txpktfin_o' remains unconnected for this instance("C:\Users\anotherfool\Desktop\USB-Video-Class-main\fpga\colorbar2usb\src\TOP.v":579)
Compiling module 'cam_usb_top'("C:\Users\anotherfool\Desktop\USB-Video-Class-main\fpga\colorbar2usb\src\TOP.v":28)
Compiling module 'Gowin_PLL_F'("C:\Users\anotherfool\Desktop\USB-Video-Class-main\fpga\colorbar2usb\src\gowin_pll_f\gowin_pll_f.v":10)
Compiling module 'Gowin_PLL_B'("C:\Users\anotherfool\Desktop\USB-Video-Class-main\fpga\colorbar2usb\src\gowin_pll\gowin_pll.v":10)
Compiling module 'MJPEG_Encoder_Top'("C:\Users\anotherfool\Desktop\USB-Video-Class-main\fpga\colorbar2usb\src\mjpeg_encoder\mjpeg_encoder.v":31406)
Compiling module '**'("C:\Users\anotherfool\Desktop\USB-Video-Class-main\fpga\colorbar2usb\src\mjpeg_encoder\mjpeg_encoder.v":0)
Compiling module '**'("C:\Users\anotherfool\Desktop\USB-Video-Class-main\fpga\colorbar2usb\src\mjpeg_encoder\mjpeg_encoder.v":0)
Compiling module '**'("C:\Users\anotherfool\Desktop\USB-Video-Class-main\fpga\colorbar2usb\src\mjpeg_encoder\mjpeg_encoder.v":0)
Compiling module '**'("C:\Users\anotherfool\Desktop\USB-Video-Class-main\fpga\colorbar2usb\src\mjpeg_encoder\mjpeg_encoder.v":0)
Compiling module '**'("C:\Users\anotherfool\Desktop\USB-Video-Class-main\fpga\colorbar2usb\src\mjpeg_encoder\mjpeg_encoder.v":0)
Compiling module '**'("C:\Users\anotherfool\Desktop\USB-Video-Class-main\fpga\colorbar2usb\src\mjpeg_encoder\mjpeg_encoder.v":0)
Compiling module '**'("C:\Users\anotherfool\Desktop\USB-Video-Class-main\fpga\colorbar2usb\src\mjpeg_encoder\mjpeg_encoder.v":0)
Compiling module '**'("C:\Users\anotherfool\Desktop\USB-Video-Class-main\fpga\colorbar2usb\src\mjpeg_encoder\mjpeg_encoder.v":0)
Compiling module '**'("C:\Users\anotherfool\Desktop\USB-Video-Class-main\fpga\colorbar2usb\src\mjpeg_encoder\mjpeg_encoder.v":0)
Compiling module '**'("C:\Users\anotherfool\Desktop\USB-Video-Class-main\fpga\colorbar2usb\src\mjpeg_encoder\mjpeg_encoder.v":0)
Compiling module '**'("C:\Users\anotherfool\Desktop\USB-Video-Class-main\fpga\colorbar2usb\src\mjpeg_encoder\mjpeg_encoder.v":0)
Compiling module '**'("C:\Users\anotherfool\Desktop\USB-Video-Class-main\fpga\colorbar2usb\src\mjpeg_encoder\mjpeg_encoder.v":0)
Compiling module '**'("C:\Users\anotherfool\Desktop\USB-Video-Class-main\fpga\colorbar2usb\src\mjpeg_encoder\mjpeg_encoder.v":0)
Compiling module '**'("C:\Users\anotherfool\Desktop\USB-Video-Class-main\fpga\colorbar2usb\src\mjpeg_encoder\mjpeg_encoder.v":0)
Compiling module '**'("C:\Users\anotherfool\Desktop\USB-Video-Class-main\fpga\colorbar2usb\src\mjpeg_encoder\mjpeg_encoder.v":0)
Compiling module '**'("C:\Users\anotherfool\Desktop\USB-Video-Class-main\fpga\colorbar2usb\src\mjpeg_encoder\mjpeg_encoder.v":0)
Compiling module '**'("C:\Users\anotherfool\Desktop\USB-Video-Class-main\fpga\colorbar2usb\src\mjpeg_encoder\mjpeg_encoder.v":0)
Compiling module '**'("C:\Users\anotherfool\Desktop\USB-Video-Class-main\fpga\colorbar2usb\src\mjpeg_encoder\mjpeg_encoder.v":0)
Compiling module '**'("C:\Users\anotherfool\Desktop\USB-Video-Class-main\fpga\colorbar2usb\src\mjpeg_encoder\mjpeg_encoder.v":0)
Compiling module '**'("C:\Users\anotherfool\Desktop\USB-Video-Class-main\fpga\colorbar2usb\src\mjpeg_encoder\mjpeg_encoder.v":0)
Compiling module '**'("C:\Users\anotherfool\Desktop\USB-Video-Class-main\fpga\colorbar2usb\src\mjpeg_encoder\mjpeg_encoder.v":0)
Compiling module '**'("C:\Users\anotherfool\Desktop\USB-Video-Class-main\fpga\colorbar2usb\src\mjpeg_encoder\mjpeg_encoder.v":0)
Compiling module '**'("C:\Users\anotherfool\Desktop\USB-Video-Class-main\fpga\colorbar2usb\src\mjpeg_encoder\mjpeg_encoder.v":0)
Compiling module '**'("C:\Users\anotherfool\Desktop\USB-Video-Class-main\fpga\colorbar2usb\src\mjpeg_encoder\mjpeg_encoder.v":0)
Compiling module '**'("C:\Users\anotherfool\Desktop\USB-Video-Class-main\fpga\colorbar2usb\src\mjpeg_encoder\mjpeg_encoder.v":0)
WARN  (EX3670) : Actual bit length 1 differs from formal bit length 8 for port 'img_out'("C:\Users\anotherfool\Desktop\USB-Video-Class-main\fpga\colorbar2usb\src\TOP.v":208)
Compiling module 'frame'("C:\Users\anotherfool\Desktop\USB-Video-Class-main\fpga\colorbar2usb\src\usb_video\frame.v":305)
WARN  (EX3791) : Expression size 12 truncated to fit in target size 11("C:\Users\anotherfool\Desktop\USB-Video-Class-main\fpga\colorbar2usb\src\usb_video\frame.v":363)
WARN  (EX3670) : Actual bit length 1 differs from formal bit length 8 for port 'CAM_DATA_I'("C:\Users\anotherfool\Desktop\USB-Video-Class-main\fpga\colorbar2usb\src\TOP.v":221)
Compiling module 'fifo_sc_top'("C:\Users\anotherfool\Desktop\USB-Video-Class-main\fpga\colorbar2usb\src\fifo_sc_top\fifo_sc_top.v":412)
Compiling module '**'("C:\Users\anotherfool\Desktop\USB-Video-Class-main\fpga\colorbar2usb\src\fifo_sc_top\fifo_sc_top.v":0)
WARN  (EX3670) : Actual bit length 12 differs from formal bit length 13 for port 'Wnum'("C:\Users\anotherfool\Desktop\USB-Video-Class-main\fpga\colorbar2usb\src\TOP.v":236)
Compiling module 'USB_Device_Controller_Top'("C:\Users\anotherfool\Desktop\USB-Video-Class-main\fpga\colorbar2usb\src\usb_device_controller\usb_device_controller.v":6563)
Compiling module '**'("C:\Users\anotherfool\Desktop\USB-Video-Class-main\fpga\colorbar2usb\src\usb_device_controller\usb_device_controller.v":0)
Compiling module '**'("C:\Users\anotherfool\Desktop\USB-Video-Class-main\fpga\colorbar2usb\src\usb_device_controller\usb_device_controller.v":0)
Compiling module '**'("C:\Users\anotherfool\Desktop\USB-Video-Class-main\fpga\colorbar2usb\src\usb_device_controller\usb_device_controller.v":0)
Compiling module '**'("C:\Users\anotherfool\Desktop\USB-Video-Class-main\fpga\colorbar2usb\src\usb_device_controller\usb_device_controller.v":0)
Compiling module '**'("C:\Users\anotherfool\Desktop\USB-Video-Class-main\fpga\colorbar2usb\src\usb_device_controller\usb_device_controller.v":0)
Compiling module '**'("C:\Users\anotherfool\Desktop\USB-Video-Class-main\fpga\colorbar2usb\src\usb_device_controller\usb_device_controller.v":0)
WARN  (EX3670) : Actual bit length 10 differs from formal bit length 16 for port 'descrom_raddr_o'("C:\Users\anotherfool\Desktop\USB-Video-Class-main\fpga\colorbar2usb\src\TOP.v":548)
WARN  (EX3670) : Actual bit length 10 differs from formal bit length 16 for port 'desc_dev_addr_i'("C:\Users\anotherfool\Desktop\USB-Video-Class-main\fpga\colorbar2usb\src\TOP.v":549)
WARN  (EX3670) : Actual bit length 8 differs from formal bit length 16 for port 'desc_dev_len_i'("C:\Users\anotherfool\Desktop\USB-Video-Class-main\fpga\colorbar2usb\src\TOP.v":550)
WARN  (EX3670) : Actual bit length 10 differs from formal bit length 16 for port 'desc_qual_addr_i'("C:\Users\anotherfool\Desktop\USB-Video-Class-main\fpga\colorbar2usb\src\TOP.v":551)
WARN  (EX3670) : Actual bit length 8 differs from formal bit length 16 for port 'desc_qual_len_i'("C:\Users\anotherfool\Desktop\USB-Video-Class-main\fpga\colorbar2usb\src\TOP.v":552)
WARN  (EX3670) : Actual bit length 10 differs from formal bit length 16 for port 'desc_fscfg_addr_i'("C:\Users\anotherfool\Desktop\USB-Video-Class-main\fpga\colorbar2usb\src\TOP.v":553)
WARN  (EX3670) : Actual bit length 8 differs from formal bit length 16 for port 'desc_fscfg_len_i'("C:\Users\anotherfool\Desktop\USB-Video-Class-main\fpga\colorbar2usb\src\TOP.v":554)
WARN  (EX3670) : Actual bit length 10 differs from formal bit length 16 for port 'desc_hscfg_addr_i'("C:\Users\anotherfool\Desktop\USB-Video-Class-main\fpga\colorbar2usb\src\TOP.v":555)
WARN  (EX3670) : Actual bit length 8 differs from formal bit length 16 for port 'desc_hscfg_len_i'("C:\Users\anotherfool\Desktop\USB-Video-Class-main\fpga\colorbar2usb\src\TOP.v":556)
WARN  (EX3670) : Actual bit length 10 differs from formal bit length 16 for port 'desc_oscfg_addr_i'("C:\Users\anotherfool\Desktop\USB-Video-Class-main\fpga\colorbar2usb\src\TOP.v":557)
WARN  (EX3670) : Actual bit length 10 differs from formal bit length 16 for port 'desc_strlang_addr_i'("C:\Users\anotherfool\Desktop\USB-Video-Class-main\fpga\colorbar2usb\src\TOP.v":558)
WARN  (EX3670) : Actual bit length 10 differs from formal bit length 16 for port 'desc_strvendor_addr_i'("C:\Users\anotherfool\Desktop\USB-Video-Class-main\fpga\colorbar2usb\src\TOP.v":559)
WARN  (EX3670) : Actual bit length 8 differs from formal bit length 16 for port 'desc_strvendor_len_i'("C:\Users\anotherfool\Desktop\USB-Video-Class-main\fpga\colorbar2usb\src\TOP.v":560)
WARN  (EX3670) : Actual bit length 10 differs from formal bit length 16 for port 'desc_strproduct_addr_i'("C:\Users\anotherfool\Desktop\USB-Video-Class-main\fpga\colorbar2usb\src\TOP.v":561)
WARN  (EX3670) : Actual bit length 8 differs from formal bit length 16 for port 'desc_strproduct_len_i'("C:\Users\anotherfool\Desktop\USB-Video-Class-main\fpga\colorbar2usb\src\TOP.v":562)
WARN  (EX3670) : Actual bit length 10 differs from formal bit length 16 for port 'desc_strserial_addr_i'("C:\Users\anotherfool\Desktop\USB-Video-Class-main\fpga\colorbar2usb\src\TOP.v":563)
WARN  (EX3670) : Actual bit length 8 differs from formal bit length 16 for port 'desc_strserial_len_i'("C:\Users\anotherfool\Desktop\USB-Video-Class-main\fpga\colorbar2usb\src\TOP.v":564)
WARN  (EX3680) : Concatenation with an unsized literal will be treated as 32 bits("C:\Users\anotherfool\Desktop\USB-Video-Class-main\fpga\colorbar2usb\src\usb_video\usb_descriptor_video.v":325)
WARN  (EX3680) : Concatenation with an unsized literal will be treated as 32 bits("C:\Users\anotherfool\Desktop\USB-Video-Class-main\fpga\colorbar2usb\src\usb_video\usb_descriptor_video.v":326)
WARN  (EX3680) : Concatenation with an unsized literal will be treated as 32 bits("C:\Users\anotherfool\Desktop\USB-Video-Class-main\fpga\colorbar2usb\src\usb_video\usb_descriptor_video.v":327)
WARN  (EX3680) : Concatenation with an unsized literal will be treated as 32 bits("C:\Users\anotherfool\Desktop\USB-Video-Class-main\fpga\colorbar2usb\src\usb_video\usb_descriptor_video.v":328)
WARN  (EX3680) : Concatenation with an unsized literal will be treated as 32 bits("C:\Users\anotherfool\Desktop\USB-Video-Class-main\fpga\colorbar2usb\src\usb_video\usb_descriptor_video.v":367)
WARN  (EX3680) : Concatenation with an unsized literal will be treated as 32 bits("C:\Users\anotherfool\Desktop\USB-Video-Class-main\fpga\colorbar2usb\src\usb_video\usb_descriptor_video.v":368)
Compiling module 'usb_desc(VENDORID=16'h33AA,PRODUCTID=16'h0200,VERSIONBCD=16'h0200,HSSUPPORT=1)'("C:\Users\anotherfool\Desktop\USB-Video-Class-main\fpga\colorbar2usb\src\usb_video\usb_descriptor_video.v":27)
WARN  (EX3670) : Actual bit length 1 differs from formal bit length 10 for port 'o_descrom_len'("C:\Users\anotherfool\Desktop\USB-Video-Class-main\fpga\colorbar2usb\src\TOP.v":622)
Compiling module 'USB2_0_SoftPHY_Top'("C:\Users\anotherfool\Desktop\USB-Video-Class-main\fpga\colorbar2usb\src\usb2_0_softphy\usb2_0_softphy.v":4648)
Compiling module '**'("C:\Users\anotherfool\Desktop\USB-Video-Class-main\fpga\colorbar2usb\src\usb2_0_softphy\usb2_0_softphy.v":0)
Compiling module '**'("C:\Users\anotherfool\Desktop\USB-Video-Class-main\fpga\colorbar2usb\src\usb2_0_softphy\usb2_0_softphy.v":0)
Compiling module '**'("C:\Users\anotherfool\Desktop\USB-Video-Class-main\fpga\colorbar2usb\src\usb2_0_softphy\usb2_0_softphy.v":0)
Compiling module '**'("C:\Users\anotherfool\Desktop\USB-Video-Class-main\fpga\colorbar2usb\src\usb2_0_softphy\usb2_0_softphy.v":0)
Compiling module '**'("C:\Users\anotherfool\Desktop\USB-Video-Class-main\fpga\colorbar2usb\src\usb2_0_softphy\usb2_0_softphy.v":0)
Compiling module '**'("C:\Users\anotherfool\Desktop\USB-Video-Class-main\fpga\colorbar2usb\src\usb2_0_softphy\usb2_0_softphy.v":0)
Compiling module '**'("C:\Users\anotherfool\Desktop\USB-Video-Class-main\fpga\colorbar2usb\src\usb2_0_softphy\usb2_0_softphy.v":0)
Compiling module '**'("C:\Users\anotherfool\Desktop\USB-Video-Class-main\fpga\colorbar2usb\src\usb2_0_softphy\usb2_0_softphy.v":0)
Compiling module '**'("C:\Users\anotherfool\Desktop\USB-Video-Class-main\fpga\colorbar2usb\src\usb2_0_softphy\usb2_0_softphy.v":0)
Compiling module '**'("C:\Users\anotherfool\Desktop\USB-Video-Class-main\fpga\colorbar2usb\src\usb2_0_softphy\usb2_0_softphy.v":0)
Compiling module '**'("C:\Users\anotherfool\Desktop\USB-Video-Class-main\fpga\colorbar2usb\src\usb2_0_softphy\usb2_0_softphy.v":0)
Compiling module '**'("C:\Users\anotherfool\Desktop\USB-Video-Class-main\fpga\colorbar2usb\src\usb2_0_softphy\usb2_0_softphy.v":0)
Compiling module '**'("C:\Users\anotherfool\Desktop\USB-Video-Class-main\fpga\colorbar2usb\src\usb2_0_softphy\usb2_0_softphy.v":0)
Compiling module '**'("C:\Users\anotherfool\Desktop\USB-Video-Class-main\fpga\colorbar2usb\src\usb2_0_softphy\usb2_0_softphy.v":0)
Compiling module '**'("C:\Users\anotherfool\Desktop\USB-Video-Class-main\fpga\colorbar2usb\src\usb2_0_softphy\usb2_0_softphy.v":0)
Compiling module '**'("C:\Users\anotherfool\Desktop\USB-Video-Class-main\fpga\colorbar2usb\src\usb2_0_softphy\usb2_0_softphy.v":0)
Compiling module '**'("C:\Users\anotherfool\Desktop\USB-Video-Class-main\fpga\colorbar2usb\src\usb2_0_softphy\usb2_0_softphy.v":0)
WARN  (EX2565) : Input 'desc_hidrpt_addr_i[15]' on this instance is undriven. Assigning to 0, simulation mismatch possible. Please assign the input or remove the declaration("C:\Users\anotherfool\Desktop\USB-Video-Class-main\fpga\colorbar2usb\src\TOP.v":579)
WARN  (EX2565) : Input 'desc_hidrpt_addr_i[14]' on this instance is undriven. Assigning to 0, simulation mismatch possible. Please assign the input or remove the declaration("C:\Users\anotherfool\Desktop\USB-Video-Class-main\fpga\colorbar2usb\src\TOP.v":579)
WARN  (EX2565) : Input 'desc_hidrpt_addr_i[13]' on this instance is undriven. Assigning to 0, simulation mismatch possible. Please assign the input or remove the declaration("C:\Users\anotherfool\Desktop\USB-Video-Class-main\fpga\colorbar2usb\src\TOP.v":579)
WARN  (EX2565) : Input 'desc_hidrpt_addr_i[12]' on this instance is undriven. Assigning to 0, simulation mismatch possible. Please assign the input or remove the declaration("C:\Users\anotherfool\Desktop\USB-Video-Class-main\fpga\colorbar2usb\src\TOP.v":579)
WARN  (EX2565) : Input 'desc_hidrpt_addr_i[11]' on this instance is undriven. Assigning to 0, simulation mismatch possible. Please assign the input or remove the declaration("C:\Users\anotherfool\Desktop\USB-Video-Class-main\fpga\colorbar2usb\src\TOP.v":579)
WARN  (EX2565) : Input 'desc_hidrpt_addr_i[10]' on this instance is undriven. Assigning to 0, simulation mismatch possible. Please assign the input or remove the declaration("C:\Users\anotherfool\Desktop\USB-Video-Class-main\fpga\colorbar2usb\src\TOP.v":579)
WARN  (EX2565) : Input 'desc_hidrpt_addr_i[9]' on this instance is undriven. Assigning to 0, simulation mismatch possible. Please assign the input or remove the declaration("C:\Users\anotherfool\Desktop\USB-Video-Class-main\fpga\colorbar2usb\src\TOP.v":579)
WARN  (EX2565) : Input 'desc_hidrpt_addr_i[8]' on this instance is undriven. Assigning to 0, simulation mismatch possible. Please assign the input or remove the declaration("C:\Users\anotherfool\Desktop\USB-Video-Class-main\fpga\colorbar2usb\src\TOP.v":579)
WARN  (EX2565) : Input 'desc_hidrpt_addr_i[7]' on this instance is undriven. Assigning to 0, simulation mismatch possible. Please assign the input or remove the declaration("C:\Users\anotherfool\Desktop\USB-Video-Class-main\fpga\colorbar2usb\src\TOP.v":579)
WARN  (EX2565) : Input 'desc_hidrpt_addr_i[6]' on this instance is undriven. Assigning to 0, simulation mismatch possible. Please assign the input or remove the declaration("C:\Users\anotherfool\Desktop\USB-Video-Class-main\fpga\colorbar2usb\src\TOP.v":579)
WARN  (EX2565) : Input 'desc_hidrpt_addr_i[5]' on this instance is undriven. Assigning to 0, simulation mismatch possible. Please assign the input or remove the declaration("C:\Users\anotherfool\Desktop\USB-Video-Class-main\fpga\colorbar2usb\src\TOP.v":579)
WARN  (EX2565) : Input 'desc_hidrpt_addr_i[4]' on this instance is undriven. Assigning to 0, simulation mismatch possible. Please assign the input or remove the declaration("C:\Users\anotherfool\Desktop\USB-Video-Class-main\fpga\colorbar2usb\src\TOP.v":579)
WARN  (EX2565) : Input 'desc_hidrpt_addr_i[3]' on this instance is undriven. Assigning to 0, simulation mismatch possible. Please assign the input or remove the declaration("C:\Users\anotherfool\Desktop\USB-Video-Class-main\fpga\colorbar2usb\src\TOP.v":579)
WARN  (EX2565) : Input 'desc_hidrpt_addr_i[2]' on this instance is undriven. Assigning to 0, simulation mismatch possible. Please assign the input or remove the declaration("C:\Users\anotherfool\Desktop\USB-Video-Class-main\fpga\colorbar2usb\src\TOP.v":579)
WARN  (EX2565) : Input 'desc_hidrpt_addr_i[1]' on this instance is undriven. Assigning to 0, simulation mismatch possible. Please assign the input or remove the declaration("C:\Users\anotherfool\Desktop\USB-Video-Class-main\fpga\colorbar2usb\src\TOP.v":579)
WARN  (EX2565) : Input 'desc_hidrpt_addr_i[0]' on this instance is undriven. Assigning to 0, simulation mismatch possible. Please assign the input or remove the declaration("C:\Users\anotherfool\Desktop\USB-Video-Class-main\fpga\colorbar2usb\src\TOP.v":579)
WARN  (EX2565) : Input 'desc_hidrpt_len_i[15]' on this instance is undriven. Assigning to 0, simulation mismatch possible. Please assign the input or remove the declaration("C:\Users\anotherfool\Desktop\USB-Video-Class-main\fpga\colorbar2usb\src\TOP.v":579)
WARN  (EX2565) : Input 'desc_hidrpt_len_i[14]' on this instance is undriven. Assigning to 0, simulation mismatch possible. Please assign the input or remove the declaration("C:\Users\anotherfool\Desktop\USB-Video-Class-main\fpga\colorbar2usb\src\TOP.v":579)
WARN  (EX2565) : Input 'desc_hidrpt_len_i[13]' on this instance is undriven. Assigning to 0, simulation mismatch possible. Please assign the input or remove the declaration("C:\Users\anotherfool\Desktop\USB-Video-Class-main\fpga\colorbar2usb\src\TOP.v":579)
WARN  (EX2565) : Input 'desc_hidrpt_len_i[12]' on this instance is undriven. Assigning to 0, simulation mismatch possible. Please assign the input or remove the declaration("C:\Users\anotherfool\Desktop\USB-Video-Class-main\fpga\colorbar2usb\src\TOP.v":579)
WARN  (EX2565) : Input 'desc_hidrpt_len_i[11]' on this instance is undriven. Assigning to 0, simulation mismatch possible. Please assign the input or remove the declaration("C:\Users\anotherfool\Desktop\USB-Video-Class-main\fpga\colorbar2usb\src\TOP.v":579)
WARN  (EX2565) : Input 'desc_hidrpt_len_i[10]' on this instance is undriven. Assigning to 0, simulation mismatch possible. Please assign the input or remove the declaration("C:\Users\anotherfool\Desktop\USB-Video-Class-main\fpga\colorbar2usb\src\TOP.v":579)
WARN  (EX2565) : Input 'desc_hidrpt_len_i[9]' on this instance is undriven. Assigning to 0, simulation mismatch possible. Please assign the input or remove the declaration("C:\Users\anotherfool\Desktop\USB-Video-Class-main\fpga\colorbar2usb\src\TOP.v":579)
WARN  (EX2565) : Input 'desc_hidrpt_len_i[8]' on this instance is undriven. Assigning to 0, simulation mismatch possible. Please assign the input or remove the declaration("C:\Users\anotherfool\Desktop\USB-Video-Class-main\fpga\colorbar2usb\src\TOP.v":579)
WARN  (EX2565) : Input 'desc_hidrpt_len_i[7]' on this instance is undriven. Assigning to 0, simulation mismatch possible. Please assign the input or remove the declaration("C:\Users\anotherfool\Desktop\USB-Video-Class-main\fpga\colorbar2usb\src\TOP.v":579)
WARN  (EX2565) : Input 'desc_hidrpt_len_i[6]' on this instance is undriven. Assigning to 0, simulation mismatch possible. Please assign the input or remove the declaration("C:\Users\anotherfool\Desktop\USB-Video-Class-main\fpga\colorbar2usb\src\TOP.v":579)
WARN  (EX2565) : Input 'desc_hidrpt_len_i[5]' on this instance is undriven. Assigning to 0, simulation mismatch possible. Please assign the input or remove the declaration("C:\Users\anotherfool\Desktop\USB-Video-Class-main\fpga\colorbar2usb\src\TOP.v":579)
WARN  (EX2565) : Input 'desc_hidrpt_len_i[4]' on this instance is undriven. Assigning to 0, simulation mismatch possible. Please assign the input or remove the declaration("C:\Users\anotherfool\Desktop\USB-Video-Class-main\fpga\colorbar2usb\src\TOP.v":579)
WARN  (EX2565) : Input 'desc_hidrpt_len_i[3]' on this instance is undriven. Assigning to 0, simulation mismatch possible. Please assign the input or remove the declaration("C:\Users\anotherfool\Desktop\USB-Video-Class-main\fpga\colorbar2usb\src\TOP.v":579)
WARN  (EX2565) : Input 'desc_hidrpt_len_i[2]' on this instance is undriven. Assigning to 0, simulation mismatch possible. Please assign the input or remove the declaration("C:\Users\anotherfool\Desktop\USB-Video-Class-main\fpga\colorbar2usb\src\TOP.v":579)
WARN  (EX2565) : Input 'desc_hidrpt_len_i[1]' on this instance is undriven. Assigning to 0, simulation mismatch possible. Please assign the input or remove the declaration("C:\Users\anotherfool\Desktop\USB-Video-Class-main\fpga\colorbar2usb\src\TOP.v":579)
WARN  (EX2565) : Input 'desc_hidrpt_len_i[0]' on this instance is undriven. Assigning to 0, simulation mismatch possible. Please assign the input or remove the declaration("C:\Users\anotherfool\Desktop\USB-Video-Class-main\fpga\colorbar2usb\src\TOP.v":579)
NOTE  (EX0101) : Current top module is "cam_usb_top"
[5%] Running netlist conversion ...
Running device independent optimization ...
[10%] Optimizing Phase 0 completed
[15%] Optimizing Phase 1 completed
[25%] Optimizing Phase 2 completed
Running inference ...
[30%] Inferring Phase 0 completed
[40%] Inferring Phase 1 completed
[50%] Inferring Phase 2 completed
[55%] Inferring Phase 3 completed
Running technical mapping ...
[60%] Tech-Mapping Phase 0 completed
[65%] Tech-Mapping Phase 1 completed
[75%] Tech-Mapping Phase 2 completed
[80%] Tech-Mapping Phase 3 completed
[90%] Tech-Mapping Phase 4 completed
[95%] Generate netlist file "C:\Users\anotherfool\Desktop\USB-Video-Class-main\fpga\colorbar2usb\impl\gwsynthesis\usb_video.vg" completed
[100%] Generate report file "C:\Users\anotherfool\Desktop\USB-Video-Class-main\fpga\colorbar2usb\impl\gwsynthesis\usb_video_syn.rpt.html" completed
GowinSynthesis finish
